<?xml version="1.0" encoding="UTF-8"?>
<!-- Generated by org.testng.reporters.JUnitXMLReporter -->
<testsuite ignored="0" hostname="DESKTOP-4MQ2231" failures="0" tests="0" time="0.031" errors="0" timestamp="2021-12-10T22:26:59 IST">
  <testcase classname="test_cases.BaseClass" name="@AfterTest tearDown" time="0.015">
    <failure type="java.lang.NullPointerException">
      <![CDATA[java.lang.NullPointerException
at test_cases.BaseClass.tearDown(BaseClass.java:55)
... Removed 24 stack frames]]>
    </failure>
  </testcase> <!-- @AfterTest tearDown -->
</testsuite>
